1873 2022-04-16 15:32:59,579 transport.py: starting thread (client mode): 0xe5416ee0
1873 2022-04-16 15:32:59,581 transport.py: Local version/idstring: SSH-2.0-paramiko_2.10.3
1873 2022-04-16 15:32:59,755 transport.py: Remote version/idstring: SSH-2.0-OpenSSH_7.5 PKIX[10.1]
1873 2022-04-16 15:32:59,756 transport.py: Connected (version 2.0, client OpenSSH_7.5)
1873 2022-04-16 15:32:59,822 transport.py: === Key exchange possibilities ===
1873 2022-04-16 15:32:59,823 transport.py: kex algos: diffie-hellman-group14-sha1, diffie-hellman-group1-sha1, diffie-hellman-group-exchange-sha256, diffie-hellman-group-exchange-sha1
1873 2022-04-16 15:32:59,823 transport.py: server key: ssh-rsa, rsa-sha2-512, rsa-sha2-256
1873 2022-04-16 15:32:59,823 transport.py: client encrypt: aes128-ctr, aes192-ctr, aes256-ctr, aes128-gcm@openssh.com, aes256-gcm@openssh.com
1873 2022-04-16 15:32:59,823 transport.py: server encrypt: aes128-ctr, aes192-ctr, aes256-ctr, aes128-gcm@openssh.com, aes256-gcm@openssh.com
1873 2022-04-16 15:32:59,823 transport.py: client mac: hmac-sha1
1873 2022-04-16 15:32:59,823 transport.py: server mac: hmac-sha1
1873 2022-04-16 15:32:59,823 transport.py: client compress: none, zlib@openssh.com
1873 2022-04-16 15:32:59,823 transport.py: server compress: none, zlib@openssh.com
1873 2022-04-16 15:32:59,823 transport.py: client lang: <none>
1873 2022-04-16 15:32:59,823 transport.py: server lang: <none>
1873 2022-04-16 15:32:59,823 transport.py: kex follows: False
1873 2022-04-16 15:32:59,824 transport.py: === Key exchange agreements ===
1873 2022-04-16 15:32:59,824 transport.py: Kex: diffie-hellman-group-exchange-sha256
1873 2022-04-16 15:32:59,824 transport.py: HostKey: rsa-sha2-512
1873 2022-04-16 15:32:59,824 transport.py: Cipher: aes128-ctr
1873 2022-04-16 15:32:59,824 transport.py: MAC: hmac-sha1
1873 2022-04-16 15:32:59,824 transport.py: Compression: none
1873 2022-04-16 15:32:59,824 transport.py: === End of kex handshake ===
1873 2022-04-16 15:32:59,895 transport.py: Got server p (2048 bits)
1873 2022-04-16 15:33:00,012 transport.py: kex engine KexGexSHA256 specified hash_algo <built-in function openssl_sha256>
1873 2022-04-16 15:33:00,013 transport.py: Switch to new keys ...
1873 2022-04-16 15:33:00,015 transport.py: Adding ssh-rsa host key for 10.10.20.1: b'9709be24335c249be94f8b9063e36189'
1873 2022-04-16 15:33:00,016 transport.py: Got EXT_INFO: {'publickey-algorithms@roumenpetrov.info': b'x509v3-ecdsa-sha2-nistp256,x509v3-ecdsa-sha2-nistp384,x509v3-ecdsa-sha2-nistp521,x509v3-ssh-rsa,x509v3-sign-rsa,x509v3-sign-dss,x509v3-ssh-dss,ssh-ed25519,ssh-rsa,rsa-sha2-256,rsa-sha2-512,ssh-dss,ecdsa-sha2-nistp256,ecdsa-sha2-nistp384,ecdsa-sha2-nistp521,null', 'server-sig-algs': b'ecdsa-sha2-nistp256,ecdsa-sha2-nistp384,ecdsa-sha2-nistp521,ssh-rsa,x509v3-sign-rsa,x509v3-sign-dss,ssh-dss,ssh-ed25519,rsa-sha2-256,rsa-sha2-512,null'}
1873 2022-04-16 15:33:00,179 transport.py: userauth is OK
1873 2022-04-16 15:33:00,340 transport.py: Authentication (password) successful!
1212 2022-04-16 15:33:00,341 channel.py: [chan 0] Max packet in: 32768 bytes
1873 2022-04-16 15:33:00,407 transport.py: Received global request "hostkeys-00@openssh.com"
1873 2022-04-16 15:33:00,409 transport.py: Rejecting "hostkeys-00@openssh.com" global request from server.
1212 2022-04-16 15:33:00,520 channel.py: [chan 0] Max packet out: 32768 bytes
1873 2022-04-16 15:33:00,521 transport.py: Secsh channel 0 opened.
1212 2022-04-16 15:33:00,598 channel.py: [chan 0] Sesch channel 0 request ok
1212 2022-04-16 15:33:00,665 channel.py: [chan 0] Sesch channel 0 request ok
56 2022-04-16 15:34:36,040 main.py: uptime is: <re.Match object; span=(10, 14), match='up  '>
1873 2022-04-16 15:34:37,099 transport.py: EOF in transport thread
